<?xml version="1.0" encoding="UTF-8"?>
<!-- Generated by org.testng.reporters.JUnitReportReporter -->
<testsuite hostname="USMUMSHREYDIX1" failures="0" tests="1" name="test.CreateGist" time="3.922" errors="0" timestamp="2022-02-28T18:21:23 IST" skipped="0">
  <testcase classname="test.CreateGist" name="createGists" time="3.922"/>
  <system-out/>
</testsuite> <!-- test.CreateGist -->
