<?xml version="1.0" encoding="UTF-8"?>
<!-- Generated by org.testng.reporters.JUnitReportReporter -->
<testsuite hostname="USMUMSHREYDIX1" failures="0" tests="2" name="test.DeleteAGist" time="5.356" errors="0" timestamp="2022-02-28T18:27:17 IST" skipped="0">
  <testcase classname="test.DeleteAGist" name="createAGist" time="4.639"/>
  <system-out/>
  <testcase classname="test.DeleteAGist" name="deleteAGist" time="0.717"/>
  <system-out/>
</testsuite> <!-- test.DeleteAGist -->
