<?xml version="1.0" encoding="UTF-8"?>
<!-- Generated by org.testng.reporters.JUnitReportReporter -->
<testsuite hostname="USMUMSHREYDIX1" failures="0" tests="1" name="test.ReadAGist" time="3.405" errors="0" timestamp="2022-02-19T18:12:34 IST" skipped="0">
  <testcase classname="test.ReadAGist" name="rateLimit" time="3.405"/>
  <system-out/>
</testsuite> <!-- test.ReadAGist -->
