<?xml version="1.0" encoding="UTF-8"?>
<!-- Generated by org.testng.reporters.JUnitReportReporter -->
<testsuite hostname="USMUMSHREYDIX1" failures="0" tests="1" name="test.RateLimit" time="3.429" errors="0" timestamp="2022-02-28T18:28:14 IST" skipped="0">
  <testcase classname="test.RateLimit" name="rateLimit" time="3.429"/>
  <system-out/>
</testsuite> <!-- test.RateLimit -->
