<?xml version="1.0" encoding="UTF-8"?>
<!-- Generated by org.testng.reporters.JUnitReportReporter -->
<testsuite hostname="USMUMSHREYDIX1" failures="0" tests="1" name="test.ListGistsAuthUsers" time="3.844" errors="0" timestamp="2022-02-28T18:52:06 IST" skipped="0">
  <testcase classname="test.ListGistsAuthUsers" name="listAuth" time="3.844"/>
  <system-out/>
</testsuite> <!-- test.ListGistsAuthUsers -->
