<?xml version="1.0" encoding="UTF-8"?>
<!-- Generated by org.testng.reporters.JUnitReportReporter -->
<testsuite hostname="USMUMSHREYDIX1" failures="0" tests="1" name="test.ListGistsForAUser" time="4.001" errors="0" timestamp="2022-02-28T18:51:51 IST" skipped="0">
  <testcase classname="test.ListGistsForAUser" name="listAuth" time="4.001"/>
  <system-out/>
</testsuite> <!-- test.ListGistsForAUser -->
